info it worked if it ends with ok
verbose cli [ 'node', '/usr/bin/npm', 'install', '-g', 'meteorite' ]
info using npm@1.1.4
info using node@v0.6.12
verbose config file /root/.npmrc
verbose config file /usr/etc/npmrc
verbose config file /usr/share/npm/npmrc
silly exec /usr/bin/node "/usr/share/npm/bin/npm-get-uid-gid.js" "nobody" 1000
silly spawning [ '/usr/bin/node',
silly spawning   [ '/usr/share/npm/bin/npm-get-uid-gid.js', 'nobody', 1000 ],
silly spawning   null ]
silly output from getuid/gid {"uid":65534,"gid":1000}
silly output from getuid/gid 
verbose cache add [ 'meteorite', null ]
silly cache add: name, spec, args [ undefined, 'meteorite', [ 'meteorite', null ] ]
verbose parsed url { pathname: 'meteorite', path: 'meteorite', href: 'meteorite' }
verbose addNamed [ 'meteorite', '' ]
verbose addNamed [ null, '' ]
silly name, range, hasData [ 'meteorite', '', false ]
verbose raw, before any munging meteorite
verbose url resolving [ 'https://registry.npmjs.org/', './meteorite' ]
verbose url resolved https://registry.npmjs.org/meteorite
http GET https://registry.npmjs.org/meteorite
http 200 https://registry.npmjs.org/meteorite
silly get cb [ 200,
silly get cb   { vary: 'Accept',
silly get cb     server: 'CouchDB/1.3.0 (Erlang OTP/R15B03)',
silly get cb     etag: '"68HJ6SE6D3CH1DPO4SL1DVYFP"',
silly get cb     date: 'Sat, 29 Jun 2013 23:22:43 GMT',
silly get cb     'content-type': 'application/json',
silly get cb     'content-length': '158860' } ]
verbose mkdir (expected) error ENOENT, no such file or directory '/root/.npm'
verbose mkdir (expected) error ENOENT, no such file or directory '/root/.npm/meteorite'
verbose mkdir done: /root/.npm/meteorite 755
silly name, range, hasData 2 [ 'meteorite', '', true ]
silly versions [ 'meteorite',
silly versions   [ '0.0.1',
silly versions     '0.0.2',
silly versions     '0.0.3',
silly versions     '0.0.4',
silly versions     '0.0.5',
silly versions     '0.0.6',
silly versions     '0.0.7',
silly versions     '0.0.8',
silly versions     '0.0.9',
silly versions     '0.0.10',
silly versions     '0.0.11',
silly versions     '0.0.12',
silly versions     '0.0.13',
silly versions     '0.0.14',
silly versions     '0.0.15',
silly versions     '0.0.16',
silly versions     '0.0.17',
silly versions     '0.0.18',
silly versions     '0.0.19',
silly versions     '0.1.0',
silly versions     '0.1.1',
silly versions     '0.2.0',
silly versions     '0.2.1',
silly versions     '0.2.2',
silly versions     '0.3.0',
silly versions     '0.3.1',
silly versions     '0.3.3',
silly versions     '0.4.0',
silly versions     '0.4.1',
silly versions     '0.4.2',
silly versions     '0.4.3',
silly versions     '0.4.4',
silly versions     '0.4.5',
silly versions     '0.4.6',
silly versions     '0.4.7',
silly versions     '0.4.8',
silly versions     '0.4.9',
silly versions     '0.5.0',
silly versions     '0.5.1',
silly versions     '0.6.0',
silly versions     '0.6.1',
silly versions     '0.6.2',
silly versions     '0.6.3',
silly versions     '0.6.4',
silly versions     '0.6.5',
silly versions     '0.6.6' ] ]
verbose bin dist [ '0.6-ares1.7.5-evundefined-openssl1.0.1-v83.7.12.22-linux-x64-3.5.0-34-generic',
verbose bin dist   { shasum: 'e26954a973f9a3e9395c850ac44f6162b950bf64',
verbose bin dist     tarball: 'http://registry.npmjs.org/meteorite/-/meteorite-0.6.6.tgz' } ]
verbose addRemoteTarball [ 'https://registry.npmjs.org/meteorite/-/meteorite-0.6.6.tgz',
verbose addRemoteTarball   'e26954a973f9a3e9395c850ac44f6162b950bf64' ]
verbose mkdir (expected) error ENOENT, no such file or directory '/tmp/npm-1372548163924'
verbose mkdir (expected) error ENOENT, no such file or directory '/tmp/npm-1372548163924/1372548163924-0.2812139284797013'
verbose mkdir done: /tmp/npm-1372548163924/1372548163924-0.2812139284797013 755
verbose fetch to /tmp/npm-1372548163924/1372548163924-0.2812139284797013/tmp.tgz
http GET https://registry.npmjs.org/meteorite/-/meteorite-0.6.6.tgz
http 200 https://registry.npmjs.org/meteorite/-/meteorite-0.6.6.tgz
silly updated sha bytes 21171
info shasum e26954a973f9a3e9395c850ac44f6162b950bf64
info shasum /tmp/npm-1372548163924/1372548163924-0.2812139284797013/tmp.tgz
verbose mkdir (expected) error ENOENT, no such file or directory '/tmp/npm-1372548163924/1372548163924-0.2812139284797013/___package.npm'
verbose mkdir done: /tmp/npm-1372548163924/1372548163924-0.2812139284797013/___package.npm 755
verbose unpack_ uid, gid [ 0, 0 ]
verbose unpackTarget /tmp/npm-1372548163924/1372548163924-0.2812139284797013/package
silly gunzTarPerm modes [ '755', '644' ]
silly afterUntar ok
silly asyncMap in gTP /tmp/npm-1372548163924/1372548163924-0.2812139284797013/___package.npm/package
silly asyncMap in gTP /tmp/npm-1372548163924/1372548163924-0.2812139284797013/___package.npm/package/CONTRIBUTING.md
silly asyncMap in gTP /tmp/npm-1372548163924/1372548163924-0.2812139284797013/___package.npm/package/LICENSE.txt
silly asyncMap in gTP /tmp/npm-1372548163924/1372548163924-0.2812139284797013/___package.npm/package/package.json
silly asyncMap in gTP /tmp/npm-1372548163924/1372548163924-0.2812139284797013/___package.npm/package/CHANGELOG.md
silly asyncMap in gTP /tmp/npm-1372548163924/1372548163924-0.2812139284797013/___package.npm/package/README.md
silly asyncMap in gTP /tmp/npm-1372548163924/1372548163924-0.2812139284797013/___package.npm/package/completions
silly asyncMap in gTP /tmp/npm-1372548163924/1372548163924-0.2812139284797013/___package.npm/package/completions/postinstall.sh
silly asyncMap in gTP /tmp/npm-1372548163924/1372548163924-0.2812139284797013/___package.npm/package/completions/mrt.bash
silly asyncMap in gTP /tmp/npm-1372548163924/1372548163924-0.2812139284797013/___package.npm/package/bin
silly asyncMap in gTP /tmp/npm-1372548163924/1372548163924-0.2812139284797013/___package.npm/package/bin/mrt.js
silly asyncMap in gTP /tmp/npm-1372548163924/1372548163924-0.2812139284797013/___package.npm/package/lib
silly asyncMap in gTP /tmp/npm-1372548163924/1372548163924-0.2812139284797013/___package.npm/package/lib/config.js
silly asyncMap in gTP /tmp/npm-1372548163924/1372548163924-0.2812139284797013/___package.npm/package/lib/console.js
silly asyncMap in gTP /tmp/npm-1372548163924/1372548163924-0.2812139284797013/___package.npm/package/lib/debug.js
silly asyncMap in gTP /tmp/npm-1372548163924/1372548163924-0.2812139284797013/___package.npm/package/lib/meteor.js
silly asyncMap in gTP /tmp/npm-1372548163924/1372548163924-0.2812139284797013/___package.npm/package/lib/project.js
silly asyncMap in gTP /tmp/npm-1372548163924/1372548163924-0.2812139284797013/___package.npm/package/lib/command.js
silly asyncMap in gTP /tmp/npm-1372548163924/1372548163924-0.2812139284797013/___package.npm/package/lib/meteorite.js
silly asyncMap in gTP /tmp/npm-1372548163924/1372548163924-0.2812139284797013/___package.npm/package/lib/atmosphere.js
silly asyncMap in gTP /tmp/npm-1372548163924/1372548163924-0.2812139284797013/___package.npm/package/lib/utils
silly asyncMap in gTP /tmp/npm-1372548163924/1372548163924-0.2812139284797013/___package.npm/package/lib/utils/fs.js
silly asyncMap in gTP /tmp/npm-1372548163924/1372548163924-0.2812139284797013/___package.npm/package/lib/utils/git.js
silly asyncMap in gTP /tmp/npm-1372548163924/1372548163924-0.2812139284797013/___package.npm/package/lib/dependencies
silly asyncMap in gTP /tmp/npm-1372548163924/1372548163924-0.2812139284797013/___package.npm/package/lib/dependencies/dependencies.js
silly asyncMap in gTP /tmp/npm-1372548163924/1372548163924-0.2812139284797013/___package.npm/package/lib/dependencies/resolver.js
silly asyncMap in gTP /tmp/npm-1372548163924/1372548163924-0.2812139284797013/___package.npm/package/lib/dependencies/package.js
silly asyncMap in gTP /tmp/npm-1372548163924/1372548163924-0.2812139284797013/___package.npm/package/lib/sources
silly asyncMap in gTP /tmp/npm-1372548163924/1372548163924-0.2812139284797013/___package.npm/package/lib/sources/source.js
silly asyncMap in gTP /tmp/npm-1372548163924/1372548163924-0.2812139284797013/___package.npm/package/lib/sources/local.js
silly asyncMap in gTP /tmp/npm-1372548163924/1372548163924-0.2812139284797013/___package.npm/package/lib/sources/git.js
verbose gunzed /tmp/npm-1372548163924/1372548163924-0.2812139284797013/___package.npm/package
verbose rm'ed /tmp/npm-1372548163924/1372548163924-0.2812139284797013/package
verbose renamed [ '/tmp/npm-1372548163924/1372548163924-0.2812139284797013/___package.npm/package',
verbose renamed   '/tmp/npm-1372548163924/1372548163924-0.2812139284797013/package' ]
verbose caching /tmp/npm-1372548163924/1372548163924-0.2812139284797013/package/package.json
verbose loadDefaults meteorite@0.6.6
verbose tarball contents [ 'tmp.tgz', 'package' ]
verbose from cache /tmp/npm-1372548163924/1372548163924-0.2812139284797013/package/package.json
verbose pack /tmp/npm-1372548163924/1372548163924-0.2812139284797013/package
verbose pack /tmp/npm-1372548163924/1372548163924-0.2812139284797013/package /root/.npm/meteorite/0.6.6/package.tgz
silly makeList /tmp/npm-1372548163924/1372548163924-0.2812139284797013/package
silly dir, dirLen [ '/tmp/npm-1372548163924/1372548163924-0.2812139284797013/package',
silly dir, dirLen   64 ]
verbose tarball /root/.npm/meteorite/0.6.6/package.tgz
verbose parent /tmp/npm-1372548163924/1372548163924-0.2812139284797013/package
verbose mkdir (expected) error ENOENT, no such file or directory '/root/.npm/meteorite/0.6.6/___package.npm'
verbose mkdir done: /root/.npm/meteorite/0.6.6/___package.npm 755
verbose unpack_ uid, gid [ 0, 0 ]
verbose unpackTarget /root/.npm/meteorite/0.6.6/package
silly gunzTarPerm modes [ '755', '644' ]
silly afterUntar ok
silly asyncMap in gTP /root/.npm/meteorite/0.6.6/___package.npm/package
silly asyncMap in gTP /root/.npm/meteorite/0.6.6/___package.npm/package/CONTRIBUTING.md
silly asyncMap in gTP /root/.npm/meteorite/0.6.6/___package.npm/package/LICENSE.txt
silly asyncMap in gTP /root/.npm/meteorite/0.6.6/___package.npm/package/package.json
silly asyncMap in gTP /root/.npm/meteorite/0.6.6/___package.npm/package/CHANGELOG.md
silly asyncMap in gTP /root/.npm/meteorite/0.6.6/___package.npm/package/README.md
silly asyncMap in gTP /root/.npm/meteorite/0.6.6/___package.npm/package/completions
silly asyncMap in gTP /root/.npm/meteorite/0.6.6/___package.npm/package/completions/postinstall.sh
silly asyncMap in gTP /root/.npm/meteorite/0.6.6/___package.npm/package/completions/mrt.bash
silly asyncMap in gTP /root/.npm/meteorite/0.6.6/___package.npm/package/bin
silly asyncMap in gTP /root/.npm/meteorite/0.6.6/___package.npm/package/bin/mrt.js
silly asyncMap in gTP /root/.npm/meteorite/0.6.6/___package.npm/package/lib
silly asyncMap in gTP /root/.npm/meteorite/0.6.6/___package.npm/package/lib/config.js
silly asyncMap in gTP /root/.npm/meteorite/0.6.6/___package.npm/package/lib/console.js
silly asyncMap in gTP /root/.npm/meteorite/0.6.6/___package.npm/package/lib/debug.js
silly asyncMap in gTP /root/.npm/meteorite/0.6.6/___package.npm/package/lib/meteor.js
silly asyncMap in gTP /root/.npm/meteorite/0.6.6/___package.npm/package/lib/project.js
silly asyncMap in gTP /root/.npm/meteorite/0.6.6/___package.npm/package/lib/command.js
silly asyncMap in gTP /root/.npm/meteorite/0.6.6/___package.npm/package/lib/meteorite.js
silly asyncMap in gTP /root/.npm/meteorite/0.6.6/___package.npm/package/lib/atmosphere.js
silly asyncMap in gTP /root/.npm/meteorite/0.6.6/___package.npm/package/lib/utils
silly asyncMap in gTP /root/.npm/meteorite/0.6.6/___package.npm/package/lib/utils/fs.js
silly asyncMap in gTP /root/.npm/meteorite/0.6.6/___package.npm/package/lib/utils/git.js
silly asyncMap in gTP /root/.npm/meteorite/0.6.6/___package.npm/package/lib/dependencies
silly asyncMap in gTP /root/.npm/meteorite/0.6.6/___package.npm/package/lib/dependencies/dependencies.js
silly asyncMap in gTP /root/.npm/meteorite/0.6.6/___package.npm/package/lib/dependencies/resolver.js
silly asyncMap in gTP /root/.npm/meteorite/0.6.6/___package.npm/package/lib/dependencies/package.js
silly asyncMap in gTP /root/.npm/meteorite/0.6.6/___package.npm/package/lib/sources
silly asyncMap in gTP /root/.npm/meteorite/0.6.6/___package.npm/package/lib/sources/source.js
silly asyncMap in gTP /root/.npm/meteorite/0.6.6/___package.npm/package/lib/sources/local.js
silly asyncMap in gTP /root/.npm/meteorite/0.6.6/___package.npm/package/lib/sources/git.js
verbose gunzed /root/.npm/meteorite/0.6.6/___package.npm/package
verbose rm'ed /root/.npm/meteorite/0.6.6/package
verbose renamed [ '/root/.npm/meteorite/0.6.6/___package.npm/package',
verbose renamed   '/root/.npm/meteorite/0.6.6/package' ]
verbose caching /root/.npm/meteorite/0.6.6/package/package.json
verbose loadDefaults meteorite@0.6.6
silly updated sha bytes 21665
info shasum 825f90d94e49b4334cc5e75561abf945dc05686c
info shasum /root/.npm/meteorite/0.6.6/package.tgz
verbose from cache /root/.npm/meteorite/0.6.6/package/package.json
verbose chmod /root/.npm/meteorite/0.6.6/package.tgz 644
verbose chown [ '/root/.npm/meteorite/0.6.6/package.tgz', 0, 0 ]
silly resolved [ { name: 'meteorite',
silly resolved     version: '0.6.6',
silly resolved     homepage: 'http://oortcloud.github.com/meteorite',
silly resolved     engines: [ 'node >=0.8.0', node: ' >=0.8.0' ],
silly resolved     description: 'Installer & smart package manager for Meteor',
silly resolved     author: 
silly resolved      { name: 'Mike Bannister',
silly resolved        email: 'notimpossiblemike@gmail.com',
silly resolved        url: 'http://po.ssibiliti.es' },
silly resolved     dependencies: 
silly resolved      { ddp: '>=0.3.1',
silly resolved        underscore: '>=1.3.3',
silly resolved        wrench: '>=1.3.9',
silly resolved        fstream: '>=0.1.18',
silly resolved        optimist: '>=0.3.4',
silly resolved        prompt: '0.2.9',
silly resolved        colors: '0.6.0-1' },
silly resolved     devDependencies: { mocha: '>=1.2.2', connect: '>=2.3.6' },
silly resolved     scripts: 
silly resolved      { test: 'mocha spec/unit spec/acceptance -t 240000 -R spec',
silly resolved        flushcache: 'rm -rf spec/support/cache',
silly resolved        postinstall: './completions/postinstall.sh' },
silly resolved     repository: { type: 'git', url: 'git://github.com/oortcloud/meteorite.git' },
silly resolved     bin: { mrt: './bin/mrt.js' },
silly resolved     _id: 'meteorite@0.6.6',
silly resolved     optionalDependencies: {},
silly resolved     _engineSupported: false,
silly resolved     _npmVersion: '1.1.4',
silly resolved     _nodeVersion: 'v0.6.12',
silly resolved     _defaultsLoaded: true,
silly resolved     dist: { shasum: '825f90d94e49b4334cc5e75561abf945dc05686c' },
silly resolved     _from: 'meteorite' } ]
info into /usr/local/lib meteorite@0.6.6
info installOne meteorite@0.6.6
verbose installOne cb meteorite@0.6.6
ERR! Unsupported
ERR! Not compatible with your version of node/npm: meteorite@0.6.6
ERR! Required: ["node >=0.8.0"]
ERR! Actual:   {"npm":"1.1.4","node":"0.6.12"}
ERR! 
ERR! System Linux 3.5.0-34-generic
ERR! command "node" "/usr/bin/npm" "install" "-g" "meteorite"
ERR! cwd /home/kenny/meteor/synematic
ERR! node -v v0.6.12
ERR! npm -v 1.1.4
ERR! code ENOTSUP
ERR! message Unsupported
ERR! errno {}
verbose exit [ 1, true ]
